 [INFO ] 2016.09.11-22:18:47 [basic-scala-console-app][@lp-nl-host] [24576] # -------------------------------------- 
 [INFO ] 2016.09.11-22:18:47 [basic-scala-console-app][@lp-nl-host] [24576] # ----------------------- 
 [INFO ] 2016.09.11-22:18:47 [basic-scala-console-app][@lp-nl-host] [24576] # === START MAIN === basic-scala-console-app 
 [INFO ] 2016.09.11-22:18:47 [basic-scala-console-app][@lp-nl-host] [24576] # ----------------------- 
 [INFO ] 2016.09.11-22:18:47 [basic-scala-console-app][@lp-nl-host] [24576] # -------------------------------------- 
 [INFO ] 2016.09.11-22:18:47 [basic-scala-console-app][@lp-nl-host] [24576] using the following vars: 
 [action:] 2016.09.11-22:18:47 [basic-scala-console-app][@lp-nl-host] [24576] "sbt-clean-compile" 
 [running] 2016.09.11-22:18:47 [basic-scala-console-app][@lp-nl-host] [24576] action :: sbt-clean-compile:doSbtCleanCompile 
 [INFO ] 2016.09.11-22:18:47 [basic-scala-console-app][@lp-nl-host] [24576] == START == doSbtCleanCompile 
 [using] 2016.09.11-22:18:47 [basic-scala-console-app][@lp-nl-host] [24576] the following java binary:: /usr/bin/java 
 [using] 2016.09.11-22:18:47 [basic-scala-console-app][@lp-nl-host] [24576] the following java version:: 
 [using] 2016.09.11-22:18:47 [basic-scala-console-app][@lp-nl-host] [24576] the following sbt binary::/usr/bin/sbt 
 [using] 2016.09.11-22:18:47 [basic-scala-console-app][@lp-nl-host] [24576] the following sbt version 
 [running] 2016.09.11-22:19:04 [basic-scala-console-app][@lp-nl-host] [24576] sbt clean 
 [inspect] 2016.09.11-22:19:09 [basic-scala-console-app][@lp-nl-host] [24576] the libary dependancies 
 [print] 2016.09.11-22:19:13 [basic-scala-console-app][@lp-nl-host] [24576] the exported classpath, consisting of build products 
 [and] 2016.09.11-22:19:13 [basic-scala-console-app][@lp-nl-host] [24576] unmanaged and managed, internal and external dependencies. 
 [running] 2016.09.11-22:19:21 [basic-scala-console-app][@lp-nl-host] [24576] sbt compile 
 [INFO ] 2016.09.11-22:19:26 [basic-scala-console-app][@lp-nl-host] [24576] == STOP == doSbtCleanCompile NO Errors !!! 
 [INFO ] 2016.09.11-22:19:26 [basic-scala-console-app][@lp-nl-host] [24576] 0 # = STOP MAIN = basic-scala-console-app 
 [INFO ] 2016.09.11-22:19:32 [basic-scala-console-app][@lp-nl-host] [25800] # -------------------------------------- 
 [INFO ] 2016.09.11-22:19:32 [basic-scala-console-app][@lp-nl-host] [25800] # ----------------------- 
 [INFO ] 2016.09.11-22:19:32 [basic-scala-console-app][@lp-nl-host] [25800] # === START MAIN === basic-scala-console-app 
 [INFO ] 2016.09.11-22:19:32 [basic-scala-console-app][@lp-nl-host] [25800] # ----------------------- 
 [INFO ] 2016.09.11-22:19:32 [basic-scala-console-app][@lp-nl-host] [25800] # -------------------------------------- 
 [INFO ] 2016.09.11-22:19:32 [basic-scala-console-app][@lp-nl-host] [25800] using the following vars: 
 [action:] 2016.09.11-22:19:32 [basic-scala-console-app][@lp-nl-host] [25800] "sbt-compile" 
 [running] 2016.09.11-22:19:32 [basic-scala-console-app][@lp-nl-host] [25800] action :: sbt-compile:doSbtCompile 
 [INFO ] 2016.09.11-22:19:32 [basic-scala-console-app][@lp-nl-host] [25800] == START == doSbtCompile 
 [using] 2016.09.11-22:19:32 [basic-scala-console-app][@lp-nl-host] [25800] the following java binary:: /usr/bin/java 
 [using] 2016.09.11-22:19:33 [basic-scala-console-app][@lp-nl-host] [25800] the following java version:: 
 [using] 2016.09.11-22:19:33 [basic-scala-console-app][@lp-nl-host] [25800] the following sbt binary::/usr/bin/sbt 
 [using] 2016.09.11-22:19:33 [basic-scala-console-app][@lp-nl-host] [25800] the following sbt version 
 [inspect] 2016.09.11-22:19:42 [basic-scala-console-app][@lp-nl-host] [25800] the libary dependancies 
 [print] 2016.09.11-22:19:46 [basic-scala-console-app][@lp-nl-host] [25800] the exported classpath, consisting of build products 
 [and] 2016.09.11-22:19:46 [basic-scala-console-app][@lp-nl-host] [25800] unmanaged and managed, internal and external dependencies. 
 [running] 2016.09.11-22:19:50 [basic-scala-console-app][@lp-nl-host] [25800] sbt compile 
 [INFO ] 2016.09.11-22:19:54 [basic-scala-console-app][@lp-nl-host] [25800] == STOP == doSbtCompile NO Errors !!! 
 [INFO ] 2016.09.11-22:19:54 [basic-scala-console-app][@lp-nl-host] [25800] 0 # = STOP MAIN = basic-scala-console-app 
 [INFO ] 2016.09.11-22:19:57 [basic-scala-console-app][@lp-nl-host] [26903] # -------------------------------------- 
 [INFO ] 2016.09.11-22:19:57 [basic-scala-console-app][@lp-nl-host] [26903] # ----------------------- 
 [INFO ] 2016.09.11-22:19:58 [basic-scala-console-app][@lp-nl-host] [26903] # === START MAIN === basic-scala-console-app 
 [INFO ] 2016.09.11-22:19:58 [basic-scala-console-app][@lp-nl-host] [26903] # ----------------------- 
 [INFO ] 2016.09.11-22:19:58 [basic-scala-console-app][@lp-nl-host] [26903] # -------------------------------------- 
 [INFO ] 2016.09.11-22:19:58 [basic-scala-console-app][@lp-nl-host] [26903] using the following vars: 
 [action:] 2016.09.11-22:19:58 [basic-scala-console-app][@lp-nl-host] [26903] "sbt-run" 
 [running] 2016.09.11-22:19:58 [basic-scala-console-app][@lp-nl-host] [26903] action :: sbt-run:doSbtRun 
 [INFO ] 2016.09.11-22:19:58 [basic-scala-console-app][@lp-nl-host] [26903] == START == doSbtRun 
 [using] 2016.09.11-22:19:58 [basic-scala-console-app][@lp-nl-host] [26903] the following java binary:: /usr/bin/java 
 [using] 2016.09.11-22:19:58 [basic-scala-console-app][@lp-nl-host] [26903] the following java version:: 
 [using] 2016.09.11-22:19:58 [basic-scala-console-app][@lp-nl-host] [26903] the following sbt version 
 [using] 2016.09.11-22:20:07 [basic-scala-console-app][@lp-nl-host] [26903] the following sbt binary:: /usr/bin/sbt 
 [using] 2016.09.11-22:20:07 [basic-scala-console-app][@lp-nl-host] [26903] the following sbt version 
 [print] 2016.09.11-22:20:11 [basic-scala-console-app][@lp-nl-host] [26903] the class path 
 [running:] 2016.09.11-22:20:15 [basic-scala-console-app][@lp-nl-host] [26903] sbt run 
 [INFO ] 2016.09.11-22:20:20 [basic-scala-console-app][@lp-nl-host] [26903] == STOP == sbt-run NO Errors !!! 
 [INFO ] 2016.09.11-22:20:20 [basic-scala-console-app][@lp-nl-host] [26903] 0 # = STOP MAIN = basic-scala-console-app 
 [INFO ] 2016.09.11-22:22:26 [basic-scala-console-app][@lp-nl-host] [28020] # -------------------------------------- 
 [INFO ] 2016.09.11-22:22:26 [basic-scala-console-app][@lp-nl-host] [28020] # ----------------------- 
 [INFO ] 2016.09.11-22:22:26 [basic-scala-console-app][@lp-nl-host] [28020] # === START MAIN === basic-scala-console-app 
 [INFO ] 2016.09.11-22:22:26 [basic-scala-console-app][@lp-nl-host] [28020] # ----------------------- 
 [INFO ] 2016.09.11-22:22:26 [basic-scala-console-app][@lp-nl-host] [28020] # -------------------------------------- 
 [INFO ] 2016.09.11-22:22:26 [basic-scala-console-app][@lp-nl-host] [28020] using the following vars: 
 [action:] 2016.09.11-22:22:26 [basic-scala-console-app][@lp-nl-host] [28020] "sbt-run" 
 [running] 2016.09.11-22:22:26 [basic-scala-console-app][@lp-nl-host] [28020] action :: sbt-run:doSbtRun 
 [INFO ] 2016.09.11-22:22:26 [basic-scala-console-app][@lp-nl-host] [28020] == START == doSbtRun 
 [using] 2016.09.11-22:22:26 [basic-scala-console-app][@lp-nl-host] [28020] the following java binary:: /usr/bin/java 
 [using] 2016.09.11-22:22:26 [basic-scala-console-app][@lp-nl-host] [28020] the following java version:: 
 [using] 2016.09.11-22:22:26 [basic-scala-console-app][@lp-nl-host] [28020] the following sbt version 
 [using] 2016.09.11-22:22:35 [basic-scala-console-app][@lp-nl-host] [28020] the following sbt binary:: /usr/bin/sbt 
 [using] 2016.09.11-22:22:35 [basic-scala-console-app][@lp-nl-host] [28020] the following sbt version 
 [print] 2016.09.11-22:22:39 [basic-scala-console-app][@lp-nl-host] [28020] the class path 
 [running:] 2016.09.11-22:22:44 [basic-scala-console-app][@lp-nl-host] [28020] sbt run 
 [check] 2016.09.11-22:22:48 [basic-scala-console-app][@lp-nl-host] [28020] also the scala log file 
 [INFO ] 2016.09.11-22:22:48 [basic-scala-console-app][@lp-nl-host] [28020] == STOP == sbt-run NO Errors !!! 
 [INFO ] 2016.09.11-22:22:48 [basic-scala-console-app][@lp-nl-host] [28020] 0 # = STOP MAIN = basic-scala-console-app 
 [INFO ] 2016.09.11-22:23:31 [basic-scala-console-app][@lp-nl-host] [29128] # -------------------------------------- 
 [INFO ] 2016.09.11-22:23:31 [basic-scala-console-app][@lp-nl-host] [29128] # ----------------------- 
 [INFO ] 2016.09.11-22:23:31 [basic-scala-console-app][@lp-nl-host] [29128] # === START MAIN === basic-scala-console-app 
 [INFO ] 2016.09.11-22:23:31 [basic-scala-console-app][@lp-nl-host] [29128] # ----------------------- 
 [INFO ] 2016.09.11-22:23:31 [basic-scala-console-app][@lp-nl-host] [29128] # -------------------------------------- 
 [INFO ] 2016.09.11-22:23:31 [basic-scala-console-app][@lp-nl-host] [29128] using the following vars: 
 [action:] 2016.09.11-22:23:31 [basic-scala-console-app][@lp-nl-host] [29128] "sbt-run" 
 [running] 2016.09.11-22:23:31 [basic-scala-console-app][@lp-nl-host] [29128] action :: sbt-run:doSbtRun 
 [INFO ] 2016.09.11-22:23:31 [basic-scala-console-app][@lp-nl-host] [29128] == START == doSbtRun 
 [using] 2016.09.11-22:23:31 [basic-scala-console-app][@lp-nl-host] [29128] the following java binary:: /usr/bin/java 
 [using] 2016.09.11-22:23:31 [basic-scala-console-app][@lp-nl-host] [29128] the following java version:: 
 [using] 2016.09.11-22:23:31 [basic-scala-console-app][@lp-nl-host] [29128] the following sbt version 
 [using] 2016.09.11-22:23:40 [basic-scala-console-app][@lp-nl-host] [29128] the following sbt binary:: /usr/bin/sbt 
 [using] 2016.09.11-22:23:40 [basic-scala-console-app][@lp-nl-host] [29128] the following sbt version 
 [print] 2016.09.11-22:23:44 [basic-scala-console-app][@lp-nl-host] [29128] the class path 
 [running:] 2016.09.11-22:23:48 [basic-scala-console-app][@lp-nl-host] [29128] sbt run 
 [check] 2016.09.11-22:23:53 [basic-scala-console-app][@lp-nl-host] [29128] also the scala log file/opt/futu/basic-scala-console-app/basic-scala-console-app.1.0.0.tst.ysg/data/log/scala /opt/futu/basic-scala-console-app/basic-scala-console-app.1.0.0.tst.ysg/data/log/scala/basic-scala-console-app.log /opt/futu/basic-scala-console-app/basic-scala-console-app.1.0.0.tst.ysg/data/log/scala/1 
 [INFO ] 2016.09.11-22:23:53 [basic-scala-console-app][@lp-nl-host] [29128] == STOP == sbt-run NO Errors !!! 
 [INFO ] 2016.09.11-22:23:53 [basic-scala-console-app][@lp-nl-host] [29128] 0 # = STOP MAIN = basic-scala-console-app 
 [INFO ] 2016.09.11-22:24:47 [basic-scala-console-app][@lp-nl-host] [30237] # -------------------------------------- 
 [INFO ] 2016.09.11-22:24:47 [basic-scala-console-app][@lp-nl-host] [30237] # ----------------------- 
 [INFO ] 2016.09.11-22:24:47 [basic-scala-console-app][@lp-nl-host] [30237] # === START MAIN === basic-scala-console-app 
 [INFO ] 2016.09.11-22:24:47 [basic-scala-console-app][@lp-nl-host] [30237] # ----------------------- 
 [INFO ] 2016.09.11-22:24:47 [basic-scala-console-app][@lp-nl-host] [30237] # -------------------------------------- 
 [INFO ] 2016.09.11-22:24:47 [basic-scala-console-app][@lp-nl-host] [30237] using the following vars: 
 [action:] 2016.09.11-22:24:47 [basic-scala-console-app][@lp-nl-host] [30237] "to-prd" 
 [INFO ] 2016.09.11-22:24:47 [basic-scala-console-app][@lp-nl-host] [30237] created the following relative package: 
 [INFO ] 2016.09.11-22:24:47 [basic-scala-console-app][@lp-nl-host] [30237] 2016-09-11 22:24:47.772013000 +0300 basic-scala-console-app.1.0.0.tst.20160911_222447.lp-nl-host.rel.zip 
 [INFO ] 2016.09.11-22:24:47 [basic-scala-console-app][@lp-nl-host] [30237] with the following local backup : 
 [INFO ] 2016.09.11-22:24:47 [basic-scala-console-app][@lp-nl-host] [30237] 2016-09-11 22:24:47.796013000 +0300 /opt/futu/basic-scala-console-app/data/zip/basic-scala-console-app.1.0.0.tst.20160911_222447.lp-nl-host.rel.zip 
 [INFO ] 2016.09.11-22:24:47 [basic-scala-console-app][@lp-nl-host] [30237] in the network dir @:: 
 [INFO ] 2016.09.11-22:24:47 [basic-scala-console-app][@lp-nl-host] [30237] :: /vagrant/csitea/basic-scala-console-app/data/zip 
 [INFO ] 2016.09.11-22:24:47 [basic-scala-console-app][@lp-nl-host] [30237] with the following network backup : 
 [INFO ] 2016.09.11-22:24:47 [basic-scala-console-app][@lp-nl-host] [30237] 2016-09-11 22:24:47.877288200 +0300 /vagrant/csitea/basic-scala-console-app/data/zip/basic-scala-console-app.1.0.0.tst.20160911_222447.lp-nl-host.rel.zip 
 [INFO ] 2016.09.11-22:24:48 [basic-scala-console-app][@lp-nl-host] [30237] 0 # = STOP MAIN = basic-scala-console-app 
