[INFO ] 2016-09-11 22:20:20.461 [run-main-0] [scala.App] -  START -- basic scala console App
[INFO ] 2016-09-11 22:20:20.465 [run-main-0] [Pizza] - Hello from the Pizza class
[WARN ] 2016-09-11 22:20:20.465 [run-main-0] [scala.App] - this is a warn msg
[INFO ] 2016-09-11 22:20:20.465 [run-main-0] [scala.App] - this is an info msg 
[DEBUG] 2016-09-11 22:20:20.465 [run-main-0] [scala.App] - this is a debug msg
[ERROR] 2016-09-11 22:20:20.465 [run-main-0] [scala.App] - this is an error msg
[INFO ] 2016-09-11 22:20:20.466 [run-main-0] [scala.App] -  STOP  -- basic scala console App
[INFO ] 2016-09-11 22:22:48.523 [run-main-0] [scala.App] -  START -- basic scala console App
[INFO ] 2016-09-11 22:22:48.525 [run-main-0] [Pizza] - Hello from the Pizza class
[WARN ] 2016-09-11 22:22:48.526 [run-main-0] [scala.App] - this is a warn msg
[INFO ] 2016-09-11 22:22:48.526 [run-main-0] [scala.App] - this is an info msg 
[DEBUG] 2016-09-11 22:22:48.526 [run-main-0] [scala.App] - this is a debug msg
[ERROR] 2016-09-11 22:22:48.527 [run-main-0] [scala.App] - this is an error msg
[INFO ] 2016-09-11 22:22:48.527 [run-main-0] [scala.App] -  STOP  -- basic scala console App
[INFO ] 2016-09-11 22:23:53.080 [run-main-0] [scala.App] -  START -- basic scala console App
[INFO ] 2016-09-11 22:23:53.083 [run-main-0] [Pizza] - Hello from the Pizza class
[WARN ] 2016-09-11 22:23:53.084 [run-main-0] [scala.App] - this is a warn msg
[INFO ] 2016-09-11 22:23:53.084 [run-main-0] [scala.App] - this is an info msg 
[DEBUG] 2016-09-11 22:23:53.084 [run-main-0] [scala.App] - this is a debug msg
[ERROR] 2016-09-11 22:23:53.084 [run-main-0] [scala.App] - this is an error msg
[INFO ] 2016-09-11 22:23:53.084 [run-main-0] [scala.App] -  STOP  -- basic scala console App
